**********************
Windows PowerShell transcript start
Start time: 20180705111956
Username: LFR01333\LDEVOUCOUX
RunAs User: LFR01333\LDEVOUCOUX
Machine: LFR01333 (Microsoft Windows NT 6.1.7601 Service Pack 1)
Host Application: powershell
Process ID: 7088
PSVersion: 5.1.14409.1012
PSEdition: Desktop
PSCompatibleVersions: 1.0, 2.0, 3.0, 4.0, 5.0, 5.1.14409.1012
BuildVersion: 10.0.14409.1012
CLRVersion: 4.0.30319.42000
WSManStackVersion: 3.0
PSRemotingProtocolVersion: 2.3
SerializationVersion: 1.1.0.1
**********************
Transcript started, output file is E:\programmation\powershell\01 - Modele\log\Modele_script_PowerShell.1.1.3_20180705_1119.log

********************************************************************************
**                                Les Variables                               **
********************************************************************************
Liste des variables utilisées par le script :

NAME                   VALUE
----                   -----
Message                Nombre de fichier(s) de log supprimé(s) : 0
MyVERSION              0.0.1
Nbr_Fichiers_Log       0
Nbr_Fichiers_Log_Apres 1
Nbr_Fichiers_Log_Avant 1
NBR_REP                5
REP_IN                 E:\programmation\powershell\01 - Modele\in
REP_OUT                E:\programmation\powershell\01 - Modele\out
REP_TMP                E:\programmation\powershell\01 - Modele\tmp\
VERSION_Mod            1.1.3
VersionPS              5


********************************************************************************
**                              Les Répertoires                               **
********************************************************************************
2018-07-05 11:19:56 INFO:          Le répertoire E:\programmation\powershell\01 - Modele\in est présent
2018-07-05 11:19:56 INFO:          Le répertoire E:\programmation\powershell\01 - Modele\lib\ est présent
2018-07-05 11:19:56 INFO:          Le répertoire E:\programmation\powershell\01 - Modele est présent
2018-07-05 11:19:56 INFO:          Le répertoire E:\programmation\powershell\01 - Modele\log\ est présent
2018-07-05 11:19:56 INFO:          Le répertoire E:\programmation\powershell\01 - Modele\out est présent
2018-07-05 11:19:56 INFO:          Le répertoire E:\programmation\powershell\01 - Modele\tmp\ est présent
********************************************************************************

********************************************************************************
**                                  Générale                                  **
********************************************************************************
2018-07-05 11:19:56 INFO:          Message test INFO
2018-07-05 11:19:56 WARNING:       Message test WARN
2018-07-05 11:19:56 ERROR:         Message test ERR
********************************************************************************
**                                    FIN                                     **
********************************************************************************
7088
**********************
Windows PowerShell transcript end
End time: 20180705111956
**********************
